INFO 2025-12-30 09:47:53,142 autoreload 1384 5576 Watching for file changes with StatReloader
INFO 2025-12-30 09:49:03,840 models 18220 9920 User created: admin@example.com
INFO 2025-12-30 09:50:34,784 autoreload 17148 7392 Watching for file changes with StatReloader
INFO 2025-12-30 09:50:35,471 runserver 17148 9584 [32mHTTP GET /admin 301 [0.10, 127.0.0.1:50691][0m
INFO 2025-12-30 09:50:35,504 runserver 17148 9584 [32mHTTP GET /admin/ 302 [0.03, 127.0.0.1:50691][0m
INFO 2025-12-30 09:50:35,681 runserver 17148 9584 [mHTTP GET /admin/login/?next=/admin/ 200 [0.17, 127.0.0.1:50691][0m
INFO 2025-12-30 09:50:35,815 runserver 17148 9584 [mHTTP GET /static/admin/css/base.css 200 [0.10, 127.0.0.1:50691][0m
INFO 2025-12-30 09:50:35,833 runserver 17148 9584 [mHTTP GET /static/admin/css/dark_mode.css 200 [0.11, 127.0.0.1:60005][0m
INFO 2025-12-30 09:50:35,835 runserver 17148 9584 [mHTTP GET /static/admin/css/nav_sidebar.css 200 [0.11, 127.0.0.1:50327][0m
INFO 2025-12-30 09:50:36,236 runserver 17148 9584 [mHTTP GET /static/admin/css/login.css 200 [0.02, 127.0.0.1:50327][0m
INFO 2025-12-30 09:50:36,240 runserver 17148 9584 [mHTTP GET /static/admin/css/responsive.css 200 [0.02, 127.0.0.1:60005][0m
INFO 2025-12-30 09:50:36,255 runserver 17148 9584 [mHTTP GET /static/admin/js/theme.js 200 [0.03, 127.0.0.1:50691][0m
INFO 2025-12-30 09:50:36,272 runserver 17148 9584 [mHTTP GET /static/admin/js/nav_sidebar.js 200 [0.03, 127.0.0.1:50327][0m
WARNING 2025-12-30 09:50:37,982 log 17148 18436 Not Found: /favicon.ico
WARNING 2025-12-30 09:50:37,984 runserver 17148 9584 [33mHTTP GET /favicon.ico 404 [0.01, 127.0.0.1:50327][0m
INFO 2025-12-30 09:51:39,423 runserver 17148 9584 [32mHTTP POST /admin/login/?next=/admin/ 302 [0.58, 127.0.0.1:64571][0m
INFO 2025-12-30 09:51:39,541 runserver 17148 9584 [mHTTP GET /admin/ 200 [0.11, 127.0.0.1:64571][0m
INFO 2025-12-30 09:51:39,591 runserver 17148 9584 [mHTTP GET /static/admin/css/dashboard.css 200 [0.02, 127.0.0.1:64571][0m
INFO 2025-12-30 09:51:39,698 runserver 17148 9584 [mHTTP GET /static/admin/img/icon-changelink.svg 200 [0.03, 127.0.0.1:49911][0m
INFO 2025-12-30 09:51:39,698 runserver 17148 9584 [mHTTP GET /static/admin/img/icon-addlink.svg 200 [0.03, 127.0.0.1:64571][0m
INFO 2025-12-30 09:53:10,335 runserver 17148 9584 [mHTTP GET /admin/password_change/ 200 [0.10, 127.0.0.1:61497][0m
INFO 2025-12-30 09:53:10,391 runserver 17148 9584 [mHTTP GET /static/admin/css/forms.css 200 [0.03, 127.0.0.1:61497][0m
INFO 2025-12-30 09:53:10,476 runserver 17148 9584 [mHTTP GET /static/admin/css/widgets.css 200 [0.03, 127.0.0.1:61497][0m
INFO 2025-12-30 09:53:27,495 runserver 17148 9584 [mHTTP GET /admin/ 200 [0.07, 127.0.0.1:56869][0m
INFO 2025-12-30 09:53:27,524 runserver 17148 9584 [36mHTTP GET /static/admin/css/base.css 304 [0.00, 127.0.0.1:56869][0m
INFO 2025-12-30 09:53:27,537 runserver 17148 9584 [36mHTTP GET /static/admin/css/dark_mode.css 304 [0.01, 127.0.0.1:56869][0m
INFO 2025-12-30 09:53:27,542 runserver 17148 9584 [36mHTTP GET /static/admin/css/nav_sidebar.css 304 [0.01, 127.0.0.1:64232][0m
INFO 2025-12-30 09:53:27,545 runserver 17148 9584 [36mHTTP GET /static/admin/css/responsive.css 304 [0.01, 127.0.0.1:55413][0m
INFO 2025-12-30 09:53:27,642 runserver 17148 9584 [36mHTTP GET /static/admin/js/theme.js 304 [0.01, 127.0.0.1:55413][0m
INFO 2025-12-30 09:53:27,684 runserver 17148 9584 [36mHTTP GET /static/admin/js/nav_sidebar.js 304 [0.05, 127.0.0.1:64232][0m
ERROR 2025-12-30 09:53:45,055 log 17148 11092 Internal Server Error: /admin/classes/class/add/
Traceback (most recent call last):
  File "C:\Users\roche\OneDrive\Documents\Albert Documents\Online Class Attendance Tracker\Version 1\venv\Lib\site-packages\asgiref\sync.py", line 555, in thread_handler
    raise exc_info[1]
  File "C:\Users\roche\OneDrive\Documents\Albert Documents\Online Class Attendance Tracker\Version 1\venv\Lib\site-packages\django\core\handlers\exception.py", line 42, in inner
    response = await get_response(request)
               ^^^^^^^^^^^^^^^^^^^^^^^^^^^
  File "C:\Users\roche\OneDrive\Documents\Albert Documents\Online Class Attendance Tracker\Version 1\venv\Lib\site-packages\asgiref\sync.py", line 555, in thread_handler
    raise exc_info[1]
  File "C:\Users\roche\OneDrive\Documents\Albert Documents\Online Class Attendance Tracker\Version 1\venv\Lib\site-packages\django\core\handlers\base.py", line 284, in _get_response_async
    response = await sync_to_async(
               ^^^^^^^^^^^^^^^^^^^^
        response.render, thread_sensitive=True
        ^^^^^^^^^^^^^^^^^^^^^^^^^^^^^^^^^^^^^^
    )()
    ^^^
  File "C:\Users\roche\OneDrive\Documents\Albert Documents\Online Class Attendance Tracker\Version 1\venv\Lib\site-packages\asgiref\sync.py", line 504, in __call__
    ret = await asyncio.shield(exec_coro)
          ^^^^^^^^^^^^^^^^^^^^^^^^^^^^^^^
  File "C:\Users\roche\AppData\Local\Programs\Python\Python315\Lib\concurrent\futures\thread.py", line 86, in run
    result = ctx.run(self.task)
  File "C:\Users\roche\AppData\Local\Programs\Python\Python315\Lib\concurrent\futures\thread.py", line 73, in run
    return fn(*args, **kwargs)
  File "C:\Users\roche\OneDrive\Documents\Albert Documents\Online Class Attendance Tracker\Version 1\venv\Lib\site-packages\asgiref\sync.py", line 559, in thread_handler
    return func(*args, **kwargs)
  File "C:\Users\roche\OneDrive\Documents\Albert Documents\Online Class Attendance Tracker\Version 1\venv\Lib\site-packages\django\template\response.py", line 114, in render
    self.content = self.rendered_content
                   ^^^^^^^^^^^^^^^^^^^^^
  File "C:\Users\roche\OneDrive\Documents\Albert Documents\Online Class Attendance Tracker\Version 1\venv\Lib\site-packages\django\template\response.py", line 92, in rendered_content
    return template.render(context, self._request)
           ~~~~~~~~~~~~~~~^^^^^^^^^^^^^^^^^^^^^^^^
  File "C:\Users\roche\OneDrive\Documents\Albert Documents\Online Class Attendance Tracker\Version 1\venv\Lib\site-packages\django\template\backends\django.py", line 61, in render
    return self.template.render(context)
           ~~~~~~~~~~~~~~~~~~~~^^^^^^^^^
  File "C:\Users\roche\OneDrive\Documents\Albert Documents\Online Class Attendance Tracker\Version 1\venv\Lib\site-packages\django\template\base.py", line 175, in render
    return self._render(context)
           ~~~~~~~~~~~~^^^^^^^^^
  File "C:\Users\roche\OneDrive\Documents\Albert Documents\Online Class Attendance Tracker\Version 1\venv\Lib\site-packages\django\template\base.py", line 167, in _render
    return self.nodelist.render(context)
           ~~~~~~~~~~~~~~~~~~~~^^^^^^^^^
  File "C:\Users\roche\OneDrive\Documents\Albert Documents\Online Class Attendance Tracker\Version 1\venv\Lib\site-packages\django\template\base.py", line 1005, in render
    return SafeString("".join([node.render_annotated(context) for node in self]))
                               ~~~~~~~~~~~~~~~~~~~~~^^^^^^^^^
  File "C:\Users\roche\OneDrive\Documents\Albert Documents\Online Class Attendance Tracker\Version 1\venv\Lib\site-packages\django\template\base.py", line 966, in render_annotated
    return self.render(context)
           ~~~~~~~~~~~^^^^^^^^^
  File "C:\Users\roche\OneDrive\Documents\Albert Documents\Online Class Attendance Tracker\Version 1\venv\Lib\site-packages\django\template\loader_tags.py", line 157, in render
    return compiled_parent._render(context)
           ~~~~~~~~~~~~~~~~~~~~~~~^^^^^^^^^
  File "C:\Users\roche\OneDrive\Documents\Albert Documents\Online Class Attendance Tracker\Version 1\venv\Lib\site-packages\django\template\base.py", line 167, in _render
    return self.nodelist.render(context)
           ~~~~~~~~~~~~~~~~~~~~^^^^^^^^^
  File "C:\Users\roche\OneDrive\Documents\Albert Documents\Online Class Attendance Tracker\Version 1\venv\Lib\site-packages\django\template\base.py", line 1005, in render
    return SafeString("".join([node.render_annotated(context) for node in self]))
                               ~~~~~~~~~~~~~~~~~~~~~^^^^^^^^^
  File "C:\Users\roche\OneDrive\Documents\Albert Documents\Online Class Attendance Tracker\Version 1\venv\Lib\site-packages\django\template\base.py", line 966, in render_annotated
    return self.render(context)
           ~~~~~~~~~~~^^^^^^^^^
  File "C:\Users\roche\OneDrive\Documents\Albert Documents\Online Class Attendance Tracker\Version 1\venv\Lib\site-packages\django\template\loader_tags.py", line 157, in render
    return compiled_parent._render(context)
           ~~~~~~~~~~~~~~~~~~~~~~~^^^^^^^^^
  File "C:\Users\roche\OneDrive\Documents\Albert Documents\Online Class Attendance Tracker\Version 1\venv\Lib\site-packages\django\template\base.py", line 167, in _render
    return self.nodelist.render(context)
           ~~~~~~~~~~~~~~~~~~~~^^^^^^^^^
  File "C:\Users\roche\OneDrive\Documents\Albert Documents\Online Class Attendance Tracker\Version 1\venv\Lib\site-packages\django\template\base.py", line 1005, in render
    return SafeString("".join([node.render_annotated(context) for node in self]))
                               ~~~~~~~~~~~~~~~~~~~~~^^^^^^^^^
  File "C:\Users\roche\OneDrive\Documents\Albert Documents\Online Class Attendance Tracker\Version 1\venv\Lib\site-packages\django\template\base.py", line 966, in render_annotated
    return self.render(context)
           ~~~~~~~~~~~^^^^^^^^^
  File "C:\Users\roche\OneDrive\Documents\Albert Documents\Online Class Attendance Tracker\Version 1\venv\Lib\site-packages\django\template\loader_tags.py", line 63, in render
    result = block.nodelist.render(context)
  File "C:\Users\roche\OneDrive\Documents\Albert Documents\Online Class Attendance Tracker\Version 1\venv\Lib\site-packages\django\template\base.py", line 1005, in render
    return SafeString("".join([node.render_annotated(context) for node in self]))
                               ~~~~~~~~~~~~~~~~~~~~~^^^^^^^^^
  File "C:\Users\roche\OneDrive\Documents\Albert Documents\Online Class Attendance Tracker\Version 1\venv\Lib\site-packages\django\template\base.py", line 966, in render_annotated
    return self.render(context)
           ~~~~~~~~~~~^^^^^^^^^
  File "C:\Users\roche\OneDrive\Documents\Albert Documents\Online Class Attendance Tracker\Version 1\venv\Lib\site-packages\django\template\loader_tags.py", line 63, in render
    result = block.nodelist.render(context)
  File "C:\Users\roche\OneDrive\Documents\Albert Documents\Online Class Attendance Tracker\Version 1\venv\Lib\site-packages\django\template\base.py", line 1005, in render
    return SafeString("".join([node.render_annotated(context) for node in self]))
                               ~~~~~~~~~~~~~~~~~~~~~^^^^^^^^^
  File "C:\Users\roche\OneDrive\Documents\Albert Documents\Online Class Attendance Tracker\Version 1\venv\Lib\site-packages\django\template\base.py", line 966, in render_annotated
    return self.render(context)
           ~~~~~~~~~~~^^^^^^^^^
  File "C:\Users\roche\OneDrive\Documents\Albert Documents\Online Class Attendance Tracker\Version 1\venv\Lib\site-packages\django\contrib\admin\templatetags\base.py", line 45, in render
    return super().render(context)
           ~~~~~~~~~~~~~~^^^^^^^^^
  File "C:\Users\roche\OneDrive\Documents\Albert Documents\Online Class Attendance Tracker\Version 1\venv\Lib\site-packages\django\template\library.py", line 271, in render
    new_context = context.new(_dict)
  File "C:\Users\roche\OneDrive\Documents\Albert Documents\Online Class Attendance Tracker\Version 1\venv\Lib\site-packages\django\template\context.py", line 265, in new
    new_context = super().new(values)
  File "C:\Users\roche\OneDrive\Documents\Albert Documents\Online Class Attendance Tracker\Version 1\venv\Lib\site-packages\django\template\context.py", line 110, in new
    new_context = copy(self)
  File "C:\Users\roche\AppData\Local\Programs\Python\Python315\Lib\copy.py", line 82, in copy
    return copier(x)
  File "C:\Users\roche\OneDrive\Documents\Albert Documents\Online Class Attendance Tracker\Version 1\venv\Lib\site-packages\django\template\context.py", line 158, in __copy__
    duplicate = super().__copy__()
  File "C:\Users\roche\OneDrive\Documents\Albert Documents\Online Class Attendance Tracker\Version 1\venv\Lib\site-packages\django\template\context.py", line 39, in __copy__
    duplicate.dicts = self.dicts[:]
    ^^^^^^^^^^^^^^^
AttributeError: 'super' object has no attribute 'dicts' and no __dict__ for setting new attributes
ERROR 2025-12-30 09:53:45,067 runserver 17148 9584 [35;1mHTTP GET /admin/classes/class/add/ 500 [0.51, 127.0.0.1:50711][0m
INFO 2025-12-30 09:53:50,122 runserver 17148 9584 [mHTTP GET /admin/ 200 [0.04, 127.0.0.1:57948][0m
ERROR 2025-12-30 09:54:00,421 log 17148 18436 Internal Server Error: /admin/attendance/attendancerecord/add/
Traceback (most recent call last):
  File "C:\Users\roche\OneDrive\Documents\Albert Documents\Online Class Attendance Tracker\Version 1\venv\Lib\site-packages\django\db\backends\utils.py", line 89, in _execute
    return self.cursor.execute(sql, params)
           ~~~~~~~~~~~~~~~~~~~^^^^^^^^^^^^^
  File "C:\Users\roche\OneDrive\Documents\Albert Documents\Online Class Attendance Tracker\Version 1\venv\Lib\site-packages\django\db\backends\mysql\base.py", line 75, in execute
    return self.cursor.execute(query, args)
           ~~~~~~~~~~~~~~~~~~~^^^^^^^^^^^^^
  File "C:\Users\roche\OneDrive\Documents\Albert Documents\Online Class Attendance Tracker\Version 1\venv\Lib\site-packages\pymysql\cursors.py", line 153, in execute
    result = self._query(query)
  File "C:\Users\roche\OneDrive\Documents\Albert Documents\Online Class Attendance Tracker\Version 1\venv\Lib\site-packages\pymysql\cursors.py", line 322, in _query
    conn.query(q)
    ~~~~~~~~~~^^^
  File "C:\Users\roche\OneDrive\Documents\Albert Documents\Online Class Attendance Tracker\Version 1\venv\Lib\site-packages\pymysql\connections.py", line 563, in query
    self._affected_rows = self._read_query_result(unbuffered=unbuffered)
                          ~~~~~~~~~~~~~~~~~~~~~~~^^^^^^^^^^^^^^^^^^^^^^^
  File "C:\Users\roche\OneDrive\Documents\Albert Documents\Online Class Attendance Tracker\Version 1\venv\Lib\site-packages\pymysql\connections.py", line 825, in _read_query_result
    result.read()
    ~~~~~~~~~~~^^
  File "C:\Users\roche\OneDrive\Documents\Albert Documents\Online Class Attendance Tracker\Version 1\venv\Lib\site-packages\pymysql\connections.py", line 1199, in read
    first_packet = self.connection._read_packet()
  File "C:\Users\roche\OneDrive\Documents\Albert Documents\Online Class Attendance Tracker\Version 1\venv\Lib\site-packages\pymysql\connections.py", line 775, in _read_packet
    packet.raise_for_error()
    ~~~~~~~~~~~~~~~~~~~~~~^^
  File "C:\Users\roche\OneDrive\Documents\Albert Documents\Online Class Attendance Tracker\Version 1\venv\Lib\site-packages\pymysql\protocol.py", line 219, in raise_for_error
    err.raise_mysql_exception(self._data)
    ~~~~~~~~~~~~~~~~~~~~~~~~~^^^^^^^^^^^^
  File "C:\Users\roche\OneDrive\Documents\Albert Documents\Online Class Attendance Tracker\Version 1\venv\Lib\site-packages\pymysql\err.py", line 150, in raise_mysql_exception
    raise errorclass(errno, errval)
pymysql.err.ProgrammingError: (1146, "Table 'attendance_tracker.classes_session' doesn't exist")

The above exception was the direct cause of the following exception:

Traceback (most recent call last):
  File "C:\Users\roche\OneDrive\Documents\Albert Documents\Online Class Attendance Tracker\Version 1\venv\Lib\site-packages\asgiref\sync.py", line 555, in thread_handler
    raise exc_info[1]
  File "C:\Users\roche\OneDrive\Documents\Albert Documents\Online Class Attendance Tracker\Version 1\venv\Lib\site-packages\django\core\handlers\exception.py", line 42, in inner
    response = await get_response(request)
               ^^^^^^^^^^^^^^^^^^^^^^^^^^^
  File "C:\Users\roche\OneDrive\Documents\Albert Documents\Online Class Attendance Tracker\Version 1\venv\Lib\site-packages\asgiref\sync.py", line 555, in thread_handler
    raise exc_info[1]
  File "C:\Users\roche\OneDrive\Documents\Albert Documents\Online Class Attendance Tracker\Version 1\venv\Lib\site-packages\django\core\handlers\base.py", line 284, in _get_response_async
    response = await sync_to_async(
               ^^^^^^^^^^^^^^^^^^^^
        response.render, thread_sensitive=True
        ^^^^^^^^^^^^^^^^^^^^^^^^^^^^^^^^^^^^^^
    )()
    ^^^
  File "C:\Users\roche\OneDrive\Documents\Albert Documents\Online Class Attendance Tracker\Version 1\venv\Lib\site-packages\asgiref\sync.py", line 504, in __call__
    ret = await asyncio.shield(exec_coro)
          ^^^^^^^^^^^^^^^^^^^^^^^^^^^^^^^
  File "C:\Users\roche\AppData\Local\Programs\Python\Python315\Lib\concurrent\futures\thread.py", line 86, in run
    result = ctx.run(self.task)
  File "C:\Users\roche\AppData\Local\Programs\Python\Python315\Lib\concurrent\futures\thread.py", line 73, in run
    return fn(*args, **kwargs)
  File "C:\Users\roche\OneDrive\Documents\Albert Documents\Online Class Attendance Tracker\Version 1\venv\Lib\site-packages\asgiref\sync.py", line 559, in thread_handler
    return func(*args, **kwargs)
  File "C:\Users\roche\OneDrive\Documents\Albert Documents\Online Class Attendance Tracker\Version 1\venv\Lib\site-packages\django\template\response.py", line 114, in render
    self.content = self.rendered_content
                   ^^^^^^^^^^^^^^^^^^^^^
  File "C:\Users\roche\OneDrive\Documents\Albert Documents\Online Class Attendance Tracker\Version 1\venv\Lib\site-packages\django\template\response.py", line 92, in rendered_content
    return template.render(context, self._request)
           ~~~~~~~~~~~~~~~^^^^^^^^^^^^^^^^^^^^^^^^
  File "C:\Users\roche\OneDrive\Documents\Albert Documents\Online Class Attendance Tracker\Version 1\venv\Lib\site-packages\django\template\backends\django.py", line 61, in render
    return self.template.render(context)
           ~~~~~~~~~~~~~~~~~~~~^^^^^^^^^
  File "C:\Users\roche\OneDrive\Documents\Albert Documents\Online Class Attendance Tracker\Version 1\venv\Lib\site-packages\django\template\base.py", line 175, in render
    return self._render(context)
           ~~~~~~~~~~~~^^^^^^^^^
  File "C:\Users\roche\OneDrive\Documents\Albert Documents\Online Class Attendance Tracker\Version 1\venv\Lib\site-packages\django\template\base.py", line 167, in _render
    return self.nodelist.render(context)
           ~~~~~~~~~~~~~~~~~~~~^^^^^^^^^
  File "C:\Users\roche\OneDrive\Documents\Albert Documents\Online Class Attendance Tracker\Version 1\venv\Lib\site-packages\django\template\base.py", line 1005, in render
    return SafeString("".join([node.render_annotated(context) for node in self]))
                               ~~~~~~~~~~~~~~~~~~~~~^^^^^^^^^
  File "C:\Users\roche\OneDrive\Documents\Albert Documents\Online Class Attendance Tracker\Version 1\venv\Lib\site-packages\django\template\base.py", line 966, in render_annotated
    return self.render(context)
           ~~~~~~~~~~~^^^^^^^^^
  File "C:\Users\roche\OneDrive\Documents\Albert Documents\Online Class Attendance Tracker\Version 1\venv\Lib\site-packages\django\template\loader_tags.py", line 157, in render
    return compiled_parent._render(context)
           ~~~~~~~~~~~~~~~~~~~~~~~^^^^^^^^^
  File "C:\Users\roche\OneDrive\Documents\Albert Documents\Online Class Attendance Tracker\Version 1\venv\Lib\site-packages\django\template\base.py", line 167, in _render
    return self.nodelist.render(context)
           ~~~~~~~~~~~~~~~~~~~~^^^^^^^^^
  File "C:\Users\roche\OneDrive\Documents\Albert Documents\Online Class Attendance Tracker\Version 1\venv\Lib\site-packages\django\template\base.py", line 1005, in render
    return SafeString("".join([node.render_annotated(context) for node in self]))
                               ~~~~~~~~~~~~~~~~~~~~~^^^^^^^^^
  File "C:\Users\roche\OneDrive\Documents\Albert Documents\Online Class Attendance Tracker\Version 1\venv\Lib\site-packages\django\template\base.py", line 966, in render_annotated
    return self.render(context)
           ~~~~~~~~~~~^^^^^^^^^
  File "C:\Users\roche\OneDrive\Documents\Albert Documents\Online Class Attendance Tracker\Version 1\venv\Lib\site-packages\django\template\loader_tags.py", line 157, in render
    return compiled_parent._render(context)
           ~~~~~~~~~~~~~~~~~~~~~~~^^^^^^^^^
  File "C:\Users\roche\OneDrive\Documents\Albert Documents\Online Class Attendance Tracker\Version 1\venv\Lib\site-packages\django\template\base.py", line 167, in _render
    return self.nodelist.render(context)
           ~~~~~~~~~~~~~~~~~~~~^^^^^^^^^
  File "C:\Users\roche\OneDrive\Documents\Albert Documents\Online Class Attendance Tracker\Version 1\venv\Lib\site-packages\django\template\base.py", line 1005, in render
    return SafeString("".join([node.render_annotated(context) for node in self]))
                               ~~~~~~~~~~~~~~~~~~~~~^^^^^^^^^
  File "C:\Users\roche\OneDrive\Documents\Albert Documents\Online Class Attendance Tracker\Version 1\venv\Lib\site-packages\django\template\base.py", line 966, in render_annotated
    return self.render(context)
           ~~~~~~~~~~~^^^^^^^^^
  File "C:\Users\roche\OneDrive\Documents\Albert Documents\Online Class Attendance Tracker\Version 1\venv\Lib\site-packages\django\template\loader_tags.py", line 63, in render
    result = block.nodelist.render(context)
  File "C:\Users\roche\OneDrive\Documents\Albert Documents\Online Class Attendance Tracker\Version 1\venv\Lib\site-packages\django\template\base.py", line 1005, in render
    return SafeString("".join([node.render_annotated(context) for node in self]))
                               ~~~~~~~~~~~~~~~~~~~~~^^^^^^^^^
  File "C:\Users\roche\OneDrive\Documents\Albert Documents\Online Class Attendance Tracker\Version 1\venv\Lib\site-packages\django\template\base.py", line 966, in render_annotated
    return self.render(context)
           ~~~~~~~~~~~^^^^^^^^^
  File "C:\Users\roche\OneDrive\Documents\Albert Documents\Online Class Attendance Tracker\Version 1\venv\Lib\site-packages\django\template\loader_tags.py", line 63, in render
    result = block.nodelist.render(context)
  File "C:\Users\roche\OneDrive\Documents\Albert Documents\Online Class Attendance Tracker\Version 1\venv\Lib\site-packages\django\template\base.py", line 1005, in render
    return SafeString("".join([node.render_annotated(context) for node in self]))
                               ~~~~~~~~~~~~~~~~~~~~~^^^^^^^^^
  File "C:\Users\roche\OneDrive\Documents\Albert Documents\Online Class Attendance Tracker\Version 1\venv\Lib\site-packages\django\template\base.py", line 966, in render_annotated
    return self.render(context)
           ~~~~~~~~~~~^^^^^^^^^
  File "C:\Users\roche\OneDrive\Documents\Albert Documents\Online Class Attendance Tracker\Version 1\venv\Lib\site-packages\django\template\defaulttags.py", line 238, in render
    nodelist.append(node.render_annotated(context))
                    ~~~~~~~~~~~~~~~~~~~~~^^^^^^^^^
  File "C:\Users\roche\OneDrive\Documents\Albert Documents\Online Class Attendance Tracker\Version 1\venv\Lib\site-packages\django\template\base.py", line 966, in render_annotated
    return self.render(context)
           ~~~~~~~~~~~^^^^^^^^^
  File "C:\Users\roche\OneDrive\Documents\Albert Documents\Online Class Attendance Tracker\Version 1\venv\Lib\site-packages\django\template\loader_tags.py", line 208, in render
    return template.render(context)
           ~~~~~~~~~~~~~~~^^^^^^^^^
  File "C:\Users\roche\OneDrive\Documents\Albert Documents\Online Class Attendance Tracker\Version 1\venv\Lib\site-packages\django\template\base.py", line 177, in render
    return self._render(context)
           ~~~~~~~~~~~~^^^^^^^^^
  File "C:\Users\roche\OneDrive\Documents\Albert Documents\Online Class Attendance Tracker\Version 1\venv\Lib\site-packages\django\template\base.py", line 167, in _render
    return self.nodelist.render(context)
           ~~~~~~~~~~~~~~~~~~~~^^^^^^^^^
  File "C:\Users\roche\OneDrive\Documents\Albert Documents\Online Class Attendance Tracker\Version 1\venv\Lib\site-packages\django\template\base.py", line 1005, in render
    return SafeString("".join([node.render_annotated(context) for node in self]))
                               ~~~~~~~~~~~~~~~~~~~~~^^^^^^^^^
  File "C:\Users\roche\OneDrive\Documents\Albert Documents\Online Class Attendance Tracker\Version 1\venv\Lib\site-packages\django\template\base.py", line 966, in render_annotated
    return self.render(context)
           ~~~~~~~~~~~^^^^^^^^^
  File "C:\Users\roche\OneDrive\Documents\Albert Documents\Online Class Attendance Tracker\Version 1\venv\Lib\site-packages\django\template\defaulttags.py", line 238, in render
    nodelist.append(node.render_annotated(context))
                    ~~~~~~~~~~~~~~~~~~~~~^^^^^^^^^
  File "C:\Users\roche\OneDrive\Documents\Albert Documents\Online Class Attendance Tracker\Version 1\venv\Lib\site-packages\django\template\base.py", line 966, in render_annotated
    return self.render(context)
           ~~~~~~~~~~~^^^^^^^^^
  File "C:\Users\roche\OneDrive\Documents\Albert Documents\Online Class Attendance Tracker\Version 1\venv\Lib\site-packages\django\template\defaulttags.py", line 238, in render
    nodelist.append(node.render_annotated(context))
                    ~~~~~~~~~~~~~~~~~~~~~^^^^^^^^^
  File "C:\Users\roche\OneDrive\Documents\Albert Documents\Online Class Attendance Tracker\Version 1\venv\Lib\site-packages\django\template\base.py", line 966, in render_annotated
    return self.render(context)
           ~~~~~~~~~~~^^^^^^^^^
  File "C:\Users\roche\OneDrive\Documents\Albert Documents\Online Class Attendance Tracker\Version 1\venv\Lib\site-packages\django\template\defaulttags.py", line 321, in render
    return nodelist.render(context)
           ~~~~~~~~~~~~~~~^^^^^^^^^
  File "C:\Users\roche\OneDrive\Documents\Albert Documents\Online Class Attendance Tracker\Version 1\venv\Lib\site-packages\django\template\base.py", line 1005, in render
    return SafeString("".join([node.render_annotated(context) for node in self]))
                               ~~~~~~~~~~~~~~~~~~~~~^^^^^^^^^
  File "C:\Users\roche\OneDrive\Documents\Albert Documents\Online Class Attendance Tracker\Version 1\venv\Lib\site-packages\django\template\base.py", line 966, in render_annotated
    return self.render(context)
           ~~~~~~~~~~~^^^^^^^^^
  File "C:\Users\roche\OneDrive\Documents\Albert Documents\Online Class Attendance Tracker\Version 1\venv\Lib\site-packages\django\template\defaulttags.py", line 321, in render
    return nodelist.render(context)
           ~~~~~~~~~~~~~~~^^^^^^^^^
  File "C:\Users\roche\OneDrive\Documents\Albert Documents\Online Class Attendance Tracker\Version 1\venv\Lib\site-packages\django\template\base.py", line 1005, in render
    return SafeString("".join([node.render_annotated(context) for node in self]))
                               ~~~~~~~~~~~~~~~~~~~~~^^^^^^^^^
  File "C:\Users\roche\OneDrive\Documents\Albert Documents\Online Class Attendance Tracker\Version 1\venv\Lib\site-packages\django\template\base.py", line 966, in render_annotated
    return self.render(context)
           ~~~~~~~~~~~^^^^^^^^^
  File "C:\Users\roche\OneDrive\Documents\Albert Documents\Online Class Attendance Tracker\Version 1\venv\Lib\site-packages\django\template\base.py", line 1070, in render
    return render_value_in_context(output, context)
  File "C:\Users\roche\OneDrive\Documents\Albert Documents\Online Class Attendance Tracker\Version 1\venv\Lib\site-packages\django\template\base.py", line 1047, in render_value_in_context
    value = str(value)
  File "C:\Users\roche\OneDrive\Documents\Albert Documents\Online Class Attendance Tracker\Version 1\venv\Lib\site-packages\django\utils\html.py", line 420, in <lambda>
    klass.__str__ = lambda self: mark_safe(klass_str(self))
                                           ~~~~~~~~~^^^^^^
  File "C:\Users\roche\OneDrive\Documents\Albert Documents\Online Class Attendance Tracker\Version 1\venv\Lib\site-packages\django\forms\boundfield.py", line 34, in __str__
    return self.as_widget()
           ~~~~~~~~~~~~~~^^
  File "C:\Users\roche\OneDrive\Documents\Albert Documents\Online Class Attendance Tracker\Version 1\venv\Lib\site-packages\django\forms\boundfield.py", line 107, in as_widget
    return widget.render(
           ~~~~~~~~~~~~~^
        name=self.html_initial_name if only_initial else self.html_name,
        ^^^^^^^^^^^^^^^^^^^^^^^^^^^^^^^^^^^^^^^^^^^^^^^^^^^^^^^^^^^^^^^^
    ...<2 lines>...
        renderer=self.form.renderer,
        ^^^^^^^^^^^^^^^^^^^^^^^^^^^^
    )
    ^
  File "C:\Users\roche\OneDrive\Documents\Albert Documents\Online Class Attendance Tracker\Version 1\venv\Lib\site-packages\django\forms\widgets.py", line 280, in render
    context = self.get_context(name, value, attrs)
  File "C:\Users\roche\OneDrive\Documents\Albert Documents\Online Class Attendance Tracker\Version 1\venv\Lib\site-packages\django\contrib\admin\widgets.py", line 320, in get_context
    "rendered_widget": self.widget.render(name, value, attrs),
                       ~~~~~~~~~~~~~~~~~~^^^^^^^^^^^^^^^^^^^^
  File "C:\Users\roche\OneDrive\Documents\Albert Documents\Online Class Attendance Tracker\Version 1\venv\Lib\site-packages\django\forms\widgets.py", line 280, in render
    context = self.get_context(name, value, attrs)
  File "C:\Users\roche\OneDrive\Documents\Albert Documents\Online Class Attendance Tracker\Version 1\venv\Lib\site-packages\django\forms\widgets.py", line 758, in get_context
    context = super().get_context(name, value, attrs)
  File "C:\Users\roche\OneDrive\Documents\Albert Documents\Online Class Attendance Tracker\Version 1\venv\Lib\site-packages\django\forms\widgets.py", line 717, in get_context
    context["widget"]["optgroups"] = self.optgroups(
                                     ~~~~~~~~~~~~~~^
        name, context["widget"]["value"], attrs
        ^^^^^^^^^^^^^^^^^^^^^^^^^^^^^^^^^^^^^^^
    )
    ^
  File "C:\Users\roche\OneDrive\Documents\Albert Documents\Online Class Attendance Tracker\Version 1\venv\Lib\site-packages\django\forms\widgets.py", line 657, in optgroups
    for index, (option_value, option_label) in enumerate(self.choices):
                                               ~~~~~~~~~^^^^^^^^^^^^^^
  File "C:\Users\roche\OneDrive\Documents\Albert Documents\Online Class Attendance Tracker\Version 1\venv\Lib\site-packages\django\forms\models.py", line 1403, in __iter__
    for obj in queryset:
               ^^^^^^^^
  File "C:\Users\roche\OneDrive\Documents\Albert Documents\Online Class Attendance Tracker\Version 1\venv\Lib\site-packages\django\db\models\query.py", line 516, in _iterator
    yield from iterable
  File "C:\Users\roche\OneDrive\Documents\Albert Documents\Online Class Attendance Tracker\Version 1\venv\Lib\site-packages\django\db\models\query.py", line 91, in __iter__
    results = compiler.execute_sql(
        chunked_fetch=self.chunked_fetch, chunk_size=self.chunk_size
    )
  File "C:\Users\roche\OneDrive\Documents\Albert Documents\Online Class Attendance Tracker\Version 1\venv\Lib\site-packages\django\db\models\sql\compiler.py", line 1562, in execute_sql
    cursor.execute(sql, params)
    ~~~~~~~~~~~~~~^^^^^^^^^^^^^
  File "C:\Users\roche\OneDrive\Documents\Albert Documents\Online Class Attendance Tracker\Version 1\venv\Lib\site-packages\django\db\backends\utils.py", line 102, in execute
    return super().execute(sql, params)
           ~~~~~~~~~~~~~~~^^^^^^^^^^^^^
  File "C:\Users\roche\OneDrive\Documents\Albert Documents\Online Class Attendance Tracker\Version 1\venv\Lib\site-packages\django\db\backends\utils.py", line 67, in execute
    return self._execute_with_wrappers(
           ~~~~~~~~~~~~~~~~~~~~~~~~~~~^
        sql, params, many=False, executor=self._execute
        ^^^^^^^^^^^^^^^^^^^^^^^^^^^^^^^^^^^^^^^^^^^^^^^
    )
    ^
  File "C:\Users\roche\OneDrive\Documents\Albert Documents\Online Class Attendance Tracker\Version 1\venv\Lib\site-packages\django\db\backends\utils.py", line 80, in _execute_with_wrappers
    return executor(sql, params, many, context)
  File "C:\Users\roche\OneDrive\Documents\Albert Documents\Online Class Attendance Tracker\Version 1\venv\Lib\site-packages\django\db\backends\utils.py", line 84, in _execute
    with self.db.wrap_database_errors:
         ^^^^^^^^^^^^^^^^^^^^^^^^^^^^
  File "C:\Users\roche\OneDrive\Documents\Albert Documents\Online Class Attendance Tracker\Version 1\venv\Lib\site-packages\django\db\utils.py", line 91, in __exit__
    raise dj_exc_value.with_traceback(traceback) from exc_value
  File "C:\Users\roche\OneDrive\Documents\Albert Documents\Online Class Attendance Tracker\Version 1\venv\Lib\site-packages\django\db\backends\utils.py", line 89, in _execute
    return self.cursor.execute(sql, params)
           ~~~~~~~~~~~~~~~~~~~^^^^^^^^^^^^^
  File "C:\Users\roche\OneDrive\Documents\Albert Documents\Online Class Attendance Tracker\Version 1\venv\Lib\site-packages\django\db\backends\mysql\base.py", line 75, in execute
    return self.cursor.execute(query, args)
           ~~~~~~~~~~~~~~~~~~~^^^^^^^^^^^^^
  File "C:\Users\roche\OneDrive\Documents\Albert Documents\Online Class Attendance Tracker\Version 1\venv\Lib\site-packages\pymysql\cursors.py", line 153, in execute
    result = self._query(query)
  File "C:\Users\roche\OneDrive\Documents\Albert Documents\Online Class Attendance Tracker\Version 1\venv\Lib\site-packages\pymysql\cursors.py", line 322, in _query
    conn.query(q)
    ~~~~~~~~~~^^^
  File "C:\Users\roche\OneDrive\Documents\Albert Documents\Online Class Attendance Tracker\Version 1\venv\Lib\site-packages\pymysql\connections.py", line 563, in query
    self._affected_rows = self._read_query_result(unbuffered=unbuffered)
                          ~~~~~~~~~~~~~~~~~~~~~~~^^^^^^^^^^^^^^^^^^^^^^^
  File "C:\Users\roche\OneDrive\Documents\Albert Documents\Online Class Attendance Tracker\Version 1\venv\Lib\site-packages\pymysql\connections.py", line 825, in _read_query_result
    result.read()
    ~~~~~~~~~~~^^
  File "C:\Users\roche\OneDrive\Documents\Albert Documents\Online Class Attendance Tracker\Version 1\venv\Lib\site-packages\pymysql\connections.py", line 1199, in read
    first_packet = self.connection._read_packet()
  File "C:\Users\roche\OneDrive\Documents\Albert Documents\Online Class Attendance Tracker\Version 1\venv\Lib\site-packages\pymysql\connections.py", line 775, in _read_packet
    packet.raise_for_error()
    ~~~~~~~~~~~~~~~~~~~~~~^^
  File "C:\Users\roche\OneDrive\Documents\Albert Documents\Online Class Attendance Tracker\Version 1\venv\Lib\site-packages\pymysql\protocol.py", line 219, in raise_for_error
    err.raise_mysql_exception(self._data)
    ~~~~~~~~~~~~~~~~~~~~~~~~~^^^^^^^^^^^^
  File "C:\Users\roche\OneDrive\Documents\Albert Documents\Online Class Attendance Tracker\Version 1\venv\Lib\site-packages\pymysql\err.py", line 150, in raise_mysql_exception
    raise errorclass(errno, errval)
django.db.utils.ProgrammingError: (1146, "Table 'attendance_tracker.classes_session' doesn't exist")
ERROR 2025-12-30 09:54:00,450 runserver 17148 9584 [35;1mHTTP GET /admin/attendance/attendancerecord/add/ 500 [0.22, 127.0.0.1:59098][0m
INFO 2025-12-30 09:54:05,923 runserver 17148 9584 [mHTTP GET /admin/ 200 [0.04, 127.0.0.1:59098][0m
INFO 2025-12-30 09:56:05,875 autoreload 19196 14616 Watching for file changes with StatReloader
INFO 2025-12-30 09:56:13,199 runserver 19196 3968 [mHTTP GET /admin/ 200 [0.13, 127.0.0.1:54856][0m
INFO 2025-12-30 09:56:13,233 runserver 19196 3968 [36mHTTP GET /static/admin/css/dashboard.css 304 [0.01, 127.0.0.1:54856][0m
INFO 2025-12-30 09:56:13,759 runserver 19196 3968 [36mHTTP GET /static/admin/img/icon-addlink.svg 304 [0.01, 127.0.0.1:54856][0m
INFO 2025-12-30 09:56:13,760 runserver 19196 3968 [36mHTTP GET /static/admin/img/icon-changelink.svg 304 [0.01, 127.0.0.1:63004][0m
ERROR 2025-12-30 09:56:17,264 log 19196 9640 Internal Server Error: /admin/attendance/attendancerecord/add/
Traceback (most recent call last):
  File "C:\Users\roche\OneDrive\Documents\Albert Documents\Online Class Attendance Tracker\Version 1\venv\Lib\site-packages\asgiref\sync.py", line 555, in thread_handler
    raise exc_info[1]
  File "C:\Users\roche\OneDrive\Documents\Albert Documents\Online Class Attendance Tracker\Version 1\venv\Lib\site-packages\django\core\handlers\exception.py", line 42, in inner
    response = await get_response(request)
               ^^^^^^^^^^^^^^^^^^^^^^^^^^^
  File "C:\Users\roche\OneDrive\Documents\Albert Documents\Online Class Attendance Tracker\Version 1\venv\Lib\site-packages\asgiref\sync.py", line 555, in thread_handler
    raise exc_info[1]
  File "C:\Users\roche\OneDrive\Documents\Albert Documents\Online Class Attendance Tracker\Version 1\venv\Lib\site-packages\django\core\handlers\base.py", line 284, in _get_response_async
    response = await sync_to_async(
               ^^^^^^^^^^^^^^^^^^^^
        response.render, thread_sensitive=True
        ^^^^^^^^^^^^^^^^^^^^^^^^^^^^^^^^^^^^^^
    )()
    ^^^
  File "C:\Users\roche\OneDrive\Documents\Albert Documents\Online Class Attendance Tracker\Version 1\venv\Lib\site-packages\asgiref\sync.py", line 504, in __call__
    ret = await asyncio.shield(exec_coro)
          ^^^^^^^^^^^^^^^^^^^^^^^^^^^^^^^
  File "C:\Users\roche\AppData\Local\Programs\Python\Python315\Lib\concurrent\futures\thread.py", line 86, in run
    result = ctx.run(self.task)
  File "C:\Users\roche\AppData\Local\Programs\Python\Python315\Lib\concurrent\futures\thread.py", line 73, in run
    return fn(*args, **kwargs)
  File "C:\Users\roche\OneDrive\Documents\Albert Documents\Online Class Attendance Tracker\Version 1\venv\Lib\site-packages\asgiref\sync.py", line 559, in thread_handler
    return func(*args, **kwargs)
  File "C:\Users\roche\OneDrive\Documents\Albert Documents\Online Class Attendance Tracker\Version 1\venv\Lib\site-packages\django\template\response.py", line 114, in render
    self.content = self.rendered_content
                   ^^^^^^^^^^^^^^^^^^^^^
  File "C:\Users\roche\OneDrive\Documents\Albert Documents\Online Class Attendance Tracker\Version 1\venv\Lib\site-packages\django\template\response.py", line 92, in rendered_content
    return template.render(context, self._request)
           ~~~~~~~~~~~~~~~^^^^^^^^^^^^^^^^^^^^^^^^
  File "C:\Users\roche\OneDrive\Documents\Albert Documents\Online Class Attendance Tracker\Version 1\venv\Lib\site-packages\django\template\backends\django.py", line 61, in render
    return self.template.render(context)
           ~~~~~~~~~~~~~~~~~~~~^^^^^^^^^
  File "C:\Users\roche\OneDrive\Documents\Albert Documents\Online Class Attendance Tracker\Version 1\venv\Lib\site-packages\django\template\base.py", line 175, in render
    return self._render(context)
           ~~~~~~~~~~~~^^^^^^^^^
  File "C:\Users\roche\OneDrive\Documents\Albert Documents\Online Class Attendance Tracker\Version 1\venv\Lib\site-packages\django\template\base.py", line 167, in _render
    return self.nodelist.render(context)
           ~~~~~~~~~~~~~~~~~~~~^^^^^^^^^
  File "C:\Users\roche\OneDrive\Documents\Albert Documents\Online Class Attendance Tracker\Version 1\venv\Lib\site-packages\django\template\base.py", line 1005, in render
    return SafeString("".join([node.render_annotated(context) for node in self]))
                               ~~~~~~~~~~~~~~~~~~~~~^^^^^^^^^
  File "C:\Users\roche\OneDrive\Documents\Albert Documents\Online Class Attendance Tracker\Version 1\venv\Lib\site-packages\django\template\base.py", line 966, in render_annotated
    return self.render(context)
           ~~~~~~~~~~~^^^^^^^^^
  File "C:\Users\roche\OneDrive\Documents\Albert Documents\Online Class Attendance Tracker\Version 1\venv\Lib\site-packages\django\template\loader_tags.py", line 157, in render
    return compiled_parent._render(context)
           ~~~~~~~~~~~~~~~~~~~~~~~^^^^^^^^^
  File "C:\Users\roche\OneDrive\Documents\Albert Documents\Online Class Attendance Tracker\Version 1\venv\Lib\site-packages\django\template\base.py", line 167, in _render
    return self.nodelist.render(context)
           ~~~~~~~~~~~~~~~~~~~~^^^^^^^^^
  File "C:\Users\roche\OneDrive\Documents\Albert Documents\Online Class Attendance Tracker\Version 1\venv\Lib\site-packages\django\template\base.py", line 1005, in render
    return SafeString("".join([node.render_annotated(context) for node in self]))
                               ~~~~~~~~~~~~~~~~~~~~~^^^^^^^^^
  File "C:\Users\roche\OneDrive\Documents\Albert Documents\Online Class Attendance Tracker\Version 1\venv\Lib\site-packages\django\template\base.py", line 966, in render_annotated
    return self.render(context)
           ~~~~~~~~~~~^^^^^^^^^
  File "C:\Users\roche\OneDrive\Documents\Albert Documents\Online Class Attendance Tracker\Version 1\venv\Lib\site-packages\django\template\loader_tags.py", line 157, in render
    return compiled_parent._render(context)
           ~~~~~~~~~~~~~~~~~~~~~~~^^^^^^^^^
  File "C:\Users\roche\OneDrive\Documents\Albert Documents\Online Class Attendance Tracker\Version 1\venv\Lib\site-packages\django\template\base.py", line 167, in _render
    return self.nodelist.render(context)
           ~~~~~~~~~~~~~~~~~~~~^^^^^^^^^
  File "C:\Users\roche\OneDrive\Documents\Albert Documents\Online Class Attendance Tracker\Version 1\venv\Lib\site-packages\django\template\base.py", line 1005, in render
    return SafeString("".join([node.render_annotated(context) for node in self]))
                               ~~~~~~~~~~~~~~~~~~~~~^^^^^^^^^
  File "C:\Users\roche\OneDrive\Documents\Albert Documents\Online Class Attendance Tracker\Version 1\venv\Lib\site-packages\django\template\base.py", line 966, in render_annotated
    return self.render(context)
           ~~~~~~~~~~~^^^^^^^^^
  File "C:\Users\roche\OneDrive\Documents\Albert Documents\Online Class Attendance Tracker\Version 1\venv\Lib\site-packages\django\template\loader_tags.py", line 63, in render
    result = block.nodelist.render(context)
  File "C:\Users\roche\OneDrive\Documents\Albert Documents\Online Class Attendance Tracker\Version 1\venv\Lib\site-packages\django\template\base.py", line 1005, in render
    return SafeString("".join([node.render_annotated(context) for node in self]))
                               ~~~~~~~~~~~~~~~~~~~~~^^^^^^^^^
  File "C:\Users\roche\OneDrive\Documents\Albert Documents\Online Class Attendance Tracker\Version 1\venv\Lib\site-packages\django\template\base.py", line 966, in render_annotated
    return self.render(context)
           ~~~~~~~~~~~^^^^^^^^^
  File "C:\Users\roche\OneDrive\Documents\Albert Documents\Online Class Attendance Tracker\Version 1\venv\Lib\site-packages\django\template\loader_tags.py", line 63, in render
    result = block.nodelist.render(context)
  File "C:\Users\roche\OneDrive\Documents\Albert Documents\Online Class Attendance Tracker\Version 1\venv\Lib\site-packages\django\template\base.py", line 1005, in render
    return SafeString("".join([node.render_annotated(context) for node in self]))
                               ~~~~~~~~~~~~~~~~~~~~~^^^^^^^^^
  File "C:\Users\roche\OneDrive\Documents\Albert Documents\Online Class Attendance Tracker\Version 1\venv\Lib\site-packages\django\template\base.py", line 966, in render_annotated
    return self.render(context)
           ~~~~~~~~~~~^^^^^^^^^
  File "C:\Users\roche\OneDrive\Documents\Albert Documents\Online Class Attendance Tracker\Version 1\venv\Lib\site-packages\django\contrib\admin\templatetags\base.py", line 45, in render
    return super().render(context)
           ~~~~~~~~~~~~~~^^^^^^^^^
  File "C:\Users\roche\OneDrive\Documents\Albert Documents\Online Class Attendance Tracker\Version 1\venv\Lib\site-packages\django\template\library.py", line 271, in render
    new_context = context.new(_dict)
  File "C:\Users\roche\OneDrive\Documents\Albert Documents\Online Class Attendance Tracker\Version 1\venv\Lib\site-packages\django\template\context.py", line 265, in new
    new_context = super().new(values)
  File "C:\Users\roche\OneDrive\Documents\Albert Documents\Online Class Attendance Tracker\Version 1\venv\Lib\site-packages\django\template\context.py", line 110, in new
    new_context = copy(self)
  File "C:\Users\roche\AppData\Local\Programs\Python\Python315\Lib\copy.py", line 82, in copy
    return copier(x)
  File "C:\Users\roche\OneDrive\Documents\Albert Documents\Online Class Attendance Tracker\Version 1\venv\Lib\site-packages\django\template\context.py", line 158, in __copy__
    duplicate = super().__copy__()
  File "C:\Users\roche\OneDrive\Documents\Albert Documents\Online Class Attendance Tracker\Version 1\venv\Lib\site-packages\django\template\context.py", line 39, in __copy__
    duplicate.dicts = self.dicts[:]
    ^^^^^^^^^^^^^^^
AttributeError: 'super' object has no attribute 'dicts' and no __dict__ for setting new attributes
ERROR 2025-12-30 09:56:17,280 runserver 19196 3968 [35;1mHTTP GET /admin/attendance/attendancerecord/add/ 500 [0.22, 127.0.0.1:56143][0m
INFO 2025-12-30 09:56:19,957 runserver 19196 3968 [mHTTP GET /admin/ 200 [0.03, 127.0.0.1:56143][0m
ERROR 2025-12-30 09:56:24,194 log 19196 9640 Internal Server Error: /admin/auth/group/add/
Traceback (most recent call last):
  File "C:\Users\roche\OneDrive\Documents\Albert Documents\Online Class Attendance Tracker\Version 1\venv\Lib\site-packages\asgiref\sync.py", line 555, in thread_handler
    raise exc_info[1]
  File "C:\Users\roche\OneDrive\Documents\Albert Documents\Online Class Attendance Tracker\Version 1\venv\Lib\site-packages\django\core\handlers\exception.py", line 42, in inner
    response = await get_response(request)
               ^^^^^^^^^^^^^^^^^^^^^^^^^^^
  File "C:\Users\roche\OneDrive\Documents\Albert Documents\Online Class Attendance Tracker\Version 1\venv\Lib\site-packages\asgiref\sync.py", line 555, in thread_handler
    raise exc_info[1]
  File "C:\Users\roche\OneDrive\Documents\Albert Documents\Online Class Attendance Tracker\Version 1\venv\Lib\site-packages\django\core\handlers\base.py", line 284, in _get_response_async
    response = await sync_to_async(
               ^^^^^^^^^^^^^^^^^^^^
        response.render, thread_sensitive=True
        ^^^^^^^^^^^^^^^^^^^^^^^^^^^^^^^^^^^^^^
    )()
    ^^^
  File "C:\Users\roche\OneDrive\Documents\Albert Documents\Online Class Attendance Tracker\Version 1\venv\Lib\site-packages\asgiref\sync.py", line 504, in __call__
    ret = await asyncio.shield(exec_coro)
          ^^^^^^^^^^^^^^^^^^^^^^^^^^^^^^^
  File "C:\Users\roche\AppData\Local\Programs\Python\Python315\Lib\concurrent\futures\thread.py", line 86, in run
    result = ctx.run(self.task)
  File "C:\Users\roche\AppData\Local\Programs\Python\Python315\Lib\concurrent\futures\thread.py", line 73, in run
    return fn(*args, **kwargs)
  File "C:\Users\roche\OneDrive\Documents\Albert Documents\Online Class Attendance Tracker\Version 1\venv\Lib\site-packages\asgiref\sync.py", line 559, in thread_handler
    return func(*args, **kwargs)
  File "C:\Users\roche\OneDrive\Documents\Albert Documents\Online Class Attendance Tracker\Version 1\venv\Lib\site-packages\django\template\response.py", line 114, in render
    self.content = self.rendered_content
                   ^^^^^^^^^^^^^^^^^^^^^
  File "C:\Users\roche\OneDrive\Documents\Albert Documents\Online Class Attendance Tracker\Version 1\venv\Lib\site-packages\django\template\response.py", line 92, in rendered_content
    return template.render(context, self._request)
           ~~~~~~~~~~~~~~~^^^^^^^^^^^^^^^^^^^^^^^^
  File "C:\Users\roche\OneDrive\Documents\Albert Documents\Online Class Attendance Tracker\Version 1\venv\Lib\site-packages\django\template\backends\django.py", line 61, in render
    return self.template.render(context)
           ~~~~~~~~~~~~~~~~~~~~^^^^^^^^^
  File "C:\Users\roche\OneDrive\Documents\Albert Documents\Online Class Attendance Tracker\Version 1\venv\Lib\site-packages\django\template\base.py", line 175, in render
    return self._render(context)
           ~~~~~~~~~~~~^^^^^^^^^
  File "C:\Users\roche\OneDrive\Documents\Albert Documents\Online Class Attendance Tracker\Version 1\venv\Lib\site-packages\django\template\base.py", line 167, in _render
    return self.nodelist.render(context)
           ~~~~~~~~~~~~~~~~~~~~^^^^^^^^^
  File "C:\Users\roche\OneDrive\Documents\Albert Documents\Online Class Attendance Tracker\Version 1\venv\Lib\site-packages\django\template\base.py", line 1005, in render
    return SafeString("".join([node.render_annotated(context) for node in self]))
                               ~~~~~~~~~~~~~~~~~~~~~^^^^^^^^^
  File "C:\Users\roche\OneDrive\Documents\Albert Documents\Online Class Attendance Tracker\Version 1\venv\Lib\site-packages\django\template\base.py", line 966, in render_annotated
    return self.render(context)
           ~~~~~~~~~~~^^^^^^^^^
  File "C:\Users\roche\OneDrive\Documents\Albert Documents\Online Class Attendance Tracker\Version 1\venv\Lib\site-packages\django\template\loader_tags.py", line 157, in render
    return compiled_parent._render(context)
           ~~~~~~~~~~~~~~~~~~~~~~~^^^^^^^^^
  File "C:\Users\roche\OneDrive\Documents\Albert Documents\Online Class Attendance Tracker\Version 1\venv\Lib\site-packages\django\template\base.py", line 167, in _render
    return self.nodelist.render(context)
           ~~~~~~~~~~~~~~~~~~~~^^^^^^^^^
  File "C:\Users\roche\OneDrive\Documents\Albert Documents\Online Class Attendance Tracker\Version 1\venv\Lib\site-packages\django\template\base.py", line 1005, in render
    return SafeString("".join([node.render_annotated(context) for node in self]))
                               ~~~~~~~~~~~~~~~~~~~~~^^^^^^^^^
  File "C:\Users\roche\OneDrive\Documents\Albert Documents\Online Class Attendance Tracker\Version 1\venv\Lib\site-packages\django\template\base.py", line 966, in render_annotated
    return self.render(context)
           ~~~~~~~~~~~^^^^^^^^^
  File "C:\Users\roche\OneDrive\Documents\Albert Documents\Online Class Attendance Tracker\Version 1\venv\Lib\site-packages\django\template\loader_tags.py", line 157, in render
    return compiled_parent._render(context)
           ~~~~~~~~~~~~~~~~~~~~~~~^^^^^^^^^
  File "C:\Users\roche\OneDrive\Documents\Albert Documents\Online Class Attendance Tracker\Version 1\venv\Lib\site-packages\django\template\base.py", line 167, in _render
    return self.nodelist.render(context)
           ~~~~~~~~~~~~~~~~~~~~^^^^^^^^^
  File "C:\Users\roche\OneDrive\Documents\Albert Documents\Online Class Attendance Tracker\Version 1\venv\Lib\site-packages\django\template\base.py", line 1005, in render
    return SafeString("".join([node.render_annotated(context) for node in self]))
                               ~~~~~~~~~~~~~~~~~~~~~^^^^^^^^^
  File "C:\Users\roche\OneDrive\Documents\Albert Documents\Online Class Attendance Tracker\Version 1\venv\Lib\site-packages\django\template\base.py", line 966, in render_annotated
    return self.render(context)
           ~~~~~~~~~~~^^^^^^^^^
  File "C:\Users\roche\OneDrive\Documents\Albert Documents\Online Class Attendance Tracker\Version 1\venv\Lib\site-packages\django\template\loader_tags.py", line 63, in render
    result = block.nodelist.render(context)
  File "C:\Users\roche\OneDrive\Documents\Albert Documents\Online Class Attendance Tracker\Version 1\venv\Lib\site-packages\django\template\base.py", line 1005, in render
    return SafeString("".join([node.render_annotated(context) for node in self]))
                               ~~~~~~~~~~~~~~~~~~~~~^^^^^^^^^
  File "C:\Users\roche\OneDrive\Documents\Albert Documents\Online Class Attendance Tracker\Version 1\venv\Lib\site-packages\django\template\base.py", line 966, in render_annotated
    return self.render(context)
           ~~~~~~~~~~~^^^^^^^^^
  File "C:\Users\roche\OneDrive\Documents\Albert Documents\Online Class Attendance Tracker\Version 1\venv\Lib\site-packages\django\template\loader_tags.py", line 63, in render
    result = block.nodelist.render(context)
  File "C:\Users\roche\OneDrive\Documents\Albert Documents\Online Class Attendance Tracker\Version 1\venv\Lib\site-packages\django\template\base.py", line 1005, in render
    return SafeString("".join([node.render_annotated(context) for node in self]))
                               ~~~~~~~~~~~~~~~~~~~~~^^^^^^^^^
  File "C:\Users\roche\OneDrive\Documents\Albert Documents\Online Class Attendance Tracker\Version 1\venv\Lib\site-packages\django\template\base.py", line 966, in render_annotated
    return self.render(context)
           ~~~~~~~~~~~^^^^^^^^^
  File "C:\Users\roche\OneDrive\Documents\Albert Documents\Online Class Attendance Tracker\Version 1\venv\Lib\site-packages\django\contrib\admin\templatetags\base.py", line 45, in render
    return super().render(context)
           ~~~~~~~~~~~~~~^^^^^^^^^
  File "C:\Users\roche\OneDrive\Documents\Albert Documents\Online Class Attendance Tracker\Version 1\venv\Lib\site-packages\django\template\library.py", line 271, in render
    new_context = context.new(_dict)
  File "C:\Users\roche\OneDrive\Documents\Albert Documents\Online Class Attendance Tracker\Version 1\venv\Lib\site-packages\django\template\context.py", line 265, in new
    new_context = super().new(values)
  File "C:\Users\roche\OneDrive\Documents\Albert Documents\Online Class Attendance Tracker\Version 1\venv\Lib\site-packages\django\template\context.py", line 110, in new
    new_context = copy(self)
  File "C:\Users\roche\AppData\Local\Programs\Python\Python315\Lib\copy.py", line 82, in copy
    return copier(x)
  File "C:\Users\roche\OneDrive\Documents\Albert Documents\Online Class Attendance Tracker\Version 1\venv\Lib\site-packages\django\template\context.py", line 158, in __copy__
    duplicate = super().__copy__()
  File "C:\Users\roche\OneDrive\Documents\Albert Documents\Online Class Attendance Tracker\Version 1\venv\Lib\site-packages\django\template\context.py", line 39, in __copy__
    duplicate.dicts = self.dicts[:]
    ^^^^^^^^^^^^^^^
AttributeError: 'super' object has no attribute 'dicts' and no __dict__ for setting new attributes
ERROR 2025-12-30 09:56:24,205 runserver 19196 3968 [35;1mHTTP GET /admin/auth/group/add/ 500 [0.16, 127.0.0.1:60097][0m
INFO 2025-12-30 09:56:26,252 runserver 19196 3968 [mHTTP GET /admin/ 200 [0.04, 127.0.0.1:60097][0m
